proguard/seeds.txt
com.app43.appclient.AppClient
com.app43.appclient.R$anim
com.app43.appclient.R$anim: int fade
com.app43.appclient.R$anim: int hold
com.app43.appclient.R$anim: int login_cycle
com.app43.appclient.R$anim: int login_shake
com.app43.appclient.R$anim: int menu_fade_in
com.app43.appclient.R$anim: int menu_fade_out
com.app43.appclient.R$anim: int progress_bar_1
com.app43.appclient.R$anim: int progress_bar_2
com.app43.appclient.R$anim: int round_progress_bar_1
com.app43.appclient.R$anim: int round_progress_bar_2
com.app43.appclient.R$anim: int round_progress_bar_3
com.app43.appclient.R$anim: int slide_bottom_in
com.app43.appclient.R$anim: int slide_left_in
com.app43.appclient.R$anim: int slide_left_out
com.app43.appclient.R$anim: int slide_right_in
com.app43.appclient.R$anim: int slide_right_out
com.app43.appclient.R$anim: int slide_top_in
com.app43.appclient.R$array
com.app43.appclient.R$array: int UMageList
com.app43.appclient.R$array: int UMgenderList
com.app43.appclient.R$array: int main_channel_items
com.app43.appclient.R$array: int select_dialog_item1
com.app43.appclient.R$array: int select_dialog_item10
com.app43.appclient.R$array: int select_dialog_item11
com.app43.appclient.R$array: int select_dialog_item12
com.app43.appclient.R$array: int select_dialog_item2
com.app43.appclient.R$array: int select_dialog_item3
com.app43.appclient.R$array: int select_dialog_item4
com.app43.appclient.R$array: int select_dialog_item5
com.app43.appclient.R$array: int select_dialog_item6
com.app43.appclient.R$array: int select_dialog_item7
com.app43.appclient.R$array: int select_dialog_item8
com.app43.appclient.R$array: int select_dialog_item9
com.app43.appclient.R$array: int share_list
com.app43.appclient.R$attr
com.app43.appclient.R$attr: int imageURL
com.app43.appclient.R$attr: int textSize
com.app43.appclient.R$color
com.app43.appclient.R$color: int black
com.app43.appclient.R$color: int blue
com.app43.appclient.R$color: int blue_light
com.app43.appclient.R$color: int content_background
com.app43.appclient.R$color: int content_company
com.app43.appclient.R$color: int content_fallery_bg
com.app43.appclient.R$color: int content_name_text
com.app43.appclient.R$color: int content_size_key
com.app43.appclient.R$color: int content_size_value
com.app43.appclient.R$color: int content_word
com.app43.appclient.R$color: int deep_gray
com.app43.appclient.R$color: int expandListView_divider
com.app43.appclient.R$color: int gray
com.app43.appclient.R$color: int introduce
com.app43.appclient.R$color: int light_blue
com.app43.appclient.R$color: int light_gray
com.app43.appclient.R$color: int navi_text
com.app43.appclient.R$color: int orange
com.app43.appclient.R$color: int red
com.app43.appclient.R$color: int size
com.app43.appclient.R$color: int state
com.app43.appclient.R$color: int title
com.app43.appclient.R$color: int version_loading
com.app43.appclient.R$color: int white
...
cn.com.pcgroup.common.android.app.CommonActivity$BaseActivity
cn.com.pcgroup.common.android.app.CommonActivity$BaseActivityGroup
cn.com.pcgroup.common.android.app.CommonActivity$BaseListActivity
cn.com.pcgroup.common.android.app.CommonApplication
cn.com.pcgroup.common.android.app.CommonLauncherActivity
cn.com.pcgroup.common.android.oauth.CallbackActivity
cn.com.pcgroup.common.android.oauth.OAuthActivity
cn.com.pcgroup.common.android.oauth.SinaOAuth
cn.com.pcgroup.common.android.oauth.TencentOAuth
cn.com.pcgroup.common.android.service.UpdateService
cn.com.pcgroup.common.android.share.ShareActivity
cn.com.pcgroup.common.android.ui.CaptchaView
cn.com.pcgroup.common.android.ui.CaptchaView: CaptchaView(android.content.Context,android.util.AttributeSet)
cn.com.pcgroup.common.android.ui.CaptchaView: CaptchaView(android.content.Context,android.util.AttributeSet,int)
com.alvin.api.components.TabHostActivityGroup
com.app43.download.test.ServiceDownload
com.feedback.NotificationType: com.feedback.NotificationType[] values()
com.feedback.NotificationType: com.feedback.NotificationType valueOf(java.lang.String)
com.feedback.b.a: com.feedback.b.a[] values()
com.feedback.b.a: com.feedback.b.a valueOf(java.lang.String)
com.feedback.b.c: com.feedback.b.c[] values()
com.feedback.b.c: com.feedback.b.c valueOf(java.lang.String)
com.feedback.b.e: com.feedback.b.e[] values()
com.feedback.b.e: com.feedback.b.e valueOf(java.lang.String)
com.feedback.ui.FeedbackConversation
com.feedback.ui.FeedbackConversations
com.feedback.ui.SendFeedback
com.feedback.ui.ThreadView
com.feedback.ui.ThreadView: ThreadView(android.content.Context,android.util.AttributeSet)
com.function.test.DownloadActivity
com.mobclick.android.Gender: com.mobclick.android.Gender[] values()
com.mobclick.android.Gender: com.mobclick.android.Gender valueOf(java.lang.String)
org.apache.http.entity.mime.HttpMultipartMode: org.apache.http.entity.mime.HttpMultipartMode[] values()
org.apache.http.entity.mime.HttpMultipartMode: org.apache.http.entity.mime.HttpMultipartMode valueOf(java.lang.String)
weibo4android.Gender: weibo4android.Gender[] values()
weibo4android.Gender: weibo4android.Gender valueOf(java.lang.String)