proguard/mapping.txt
com.app43.appclient.AppClient -> com.app43.appclient.AppClient:
    java.lang.String sql -> d
    int backKeyPressTimes -> e
    boolean activityIsFinish -> a
    boolean serviceIsFinish -> b
    boolean isMenuExit -> c
    void exit(android.app.Activity) -> a
    void access$0$2f961b63(com.app43.appclient.AppClient) -> a
com.app43.appclient.AppClient$1 -> com.app43.appclient.a:
com.app43.appclient.AppClient$2 -> com.app43.appclient.b:
    android.app.Activity val$activity -> a
    void onClick(android.content.DialogInterface,int) -> onClick
com.app43.appclient.AppClient$3 -> com.app43.appclient.c:
    void onClick(android.content.DialogInterface,int) -> onClick
com.app43.appclient.AppClient$4 -> com.app43.appclient.d:
    com.app43.appclient.AppClient this$0 -> a
    void run() -> run
com.app43.appclient.R$anim -> com.app43.appclient.R$anim:
    int fade -> fade
    int hold -> hold
    int login_cycle -> login_cycle
    int login_shake -> login_shake
    int menu_fade_in -> menu_fade_in
    int menu_fade_out -> menu_fade_out
    int progress_bar_1 -> progress_bar_1
    int progress_bar_2 -> progress_bar_2
    int round_progress_bar_1 -> round_progress_bar_1
    int round_progress_bar_2 -> round_progress_bar_2
    int round_progress_bar_3 -> round_progress_bar_3
    int slide_bottom_in -> slide_bottom_in
    int slide_left_in -> slide_left_in
    int slide_left_out -> slide_left_out
    int slide_right_in -> slide_right_in
    int slide_right_out -> slide_right_out
    int slide_top_in -> slide_top_in
com.app43.appclient.R$array -> com.app43.appclient.R$array:
    int UMageList -> UMageList
    int UMgenderList -> UMgenderList
    int main_channel_items -> main_channel_items
    int select_dialog_item1 -> select_dialog_item1
    int select_dialog_item10 -> select_dialog_item10
    int select_dialog_item11 -> select_dialog_item11
    int select_dialog_item12 -> select_dialog_item12
    int select_dialog_item2 -> select_dialog_item2
    int select_dialog_item3 -> select_dialog_item3
    int select_dialog_item4 -> select_dialog_item4
    int select_dialog_item5 -> select_dialog_item5
    int select_dialog_item6 -> select_dialog_item6
    int select_dialog_item7 -> select_dialog_item7
    int select_dialog_item8 -> select_dialog_item8
    int select_dialog_item9 -> select_dialog_item9
    int share_list -> share_list
com.app43.appclient.R$attr -> com.app43.appclient.R$attr:
    int imageURL -> imageURL
    int textSize -> textSize
com.app43.appclient.R$color -> com.app43.appclient.R$color:
    int black -> black
    int blue -> blue
    int blue_light -> blue_light
    int content_background -> content_background
    int content_company -> content_company
    int content_fallery_bg -> content_fallery_bg
    int content_name_text -> content_name_text
    int content_size_key -> content_size_key
    int content_size_value -> content_size_value
    int content_word -> content_word
    int deep_gray -> deep_gray
    int expandListView_divider -> expandListView_divider
    int gray -> gray
    int introduce -> introduce
    int light_blue -> light_blue
    int light_gray -> light_gray
    int navi_text -> navi_text
    int orange -> orange
    int red -> red
    int size -> size
    int state -> state
    int title -> title
    int version_loading -> version_loading
    int white -> white
...
org.apache.commons.httpclient.NameValuePair -> a.a.a.a.aa:
    java.lang.String name -> a
    java.lang.String value -> b
    void setName(java.lang.String) -> c
    java.lang.String getName() -> o
    void setValue(java.lang.String) -> d
    java.lang.String getValue() -> p
    java.lang.String toString() -> toString
    boolean equals(java.lang.Object) -> equals
    int hashCode() -> hashCode
org.apache.commons.httpclient.NoHttpResponseException -> a.a.a.a.ab:
org.apache.commons.httpclient.ProtocolException -> a.a.a.a.ac:
org.apache.commons.httpclient.ProxyHost -> a.a.a.a.ad:
    java.lang.Object clone() -> clone
org.apache.commons.httpclient.RedirectException -> a.a.a.a.ae:
org.apache.commons.httpclient.ResponseConsumedWatcher -> a.a.a.a.af:
    org.apache.commons.httpclient.HttpMethodBase this$0 -> a
    void responseConsumed() -> a
org.apache.commons.httpclient.SimpleHttpConnectionManager -> a.a.a.a.ag:
    org.apache.commons.logging.Log LOG -> a
    org.apache.commons.httpclient.HttpConnection httpConnection -> b
    org.apache.commons.httpclient.params.HttpConnectionManagerParams params -> c
    boolean inUse -> d
    java.lang.Class class$org$apache$commons$httpclient$SimpleHttpConnectionManager -> e
    void finishLastResponse(org.apache.commons.httpclient.HttpConnection) -> b
    org.apache.commons.httpclient.HttpConnection getConnectionWithTimeout$2d32d0d9(org.apache.commons.httpclient.HostConfiguration) -> a
    void releaseConnection(org.apache.commons.httpclient.HttpConnection) -> a
    org.apache.commons.httpclient.params.HttpConnectionManagerParams getParams() -> a
    java.lang.Class class$(java.lang.String) -> a
org.apache.commons.httpclient.StatusLine -> a.a.a.a.ah:
    java.lang.String statusLine -> a
    java.lang.String httpVersion -> b
    int statusCode -> c
    int getStatusCode() -> a
    java.lang.String getHttpVersion() -> b
    java.lang.String toString() -> toString
    boolean startsWithHTTP(java.lang.String) -> a
org.apache.commons.httpclient.URI -> a.a.a.a.ai:
    int hash -> a
    char[] _uri -> b
    java.lang.String protocolCharset -> c
    java.lang.String defaultProtocolCharset -> d
    java.lang.String defaultDocumentCharset -> e
    java.lang.String defaultDocumentCharsetByPlatform -> f
    char[] _scheme -> g
    char[] _opaque -> h
    char[] _authority -> i
    char[] _userinfo -> j
    char[] _host -> k
    int _port -> l
    char[] _path -> m
    char[] _query -> n
    char[] _fragment -> o
    java.util.BitSet percent -> p
    java.util.BitSet digit -> q
    java.util.BitSet alpha -> r
    java.util.BitSet alphanum -> s
    java.util.BitSet hex -> t
    java.util.BitSet escaped -> u
    java.util.BitSet mark -> v
    java.util.BitSet unreserved -> w
    java.util.BitSet reserved -> x
    java.util.BitSet uric -> y
    java.util.BitSet fragment -> z
    java.util.BitSet query -> A
    java.util.BitSet pchar -> B
    java.util.BitSet param -> C
    java.util.BitSet segment -> D
    java.util.BitSet path_segments -> E
    java.util.BitSet abs_path -> F
    java.util.BitSet uric_no_slash -> G
    java.util.BitSet opaque_part -> H
    java.util.BitSet path -> I
    java.util.BitSet port -> J
    java.util.BitSet IPv4address -> K
    java.util.BitSet IPv6address -> L
    java.util.BitSet IPv6reference -> M
    java.util.BitSet toplabel -> N
    java.util.BitSet hostname -> O
    java.util.BitSet host -> P
    java.util.BitSet hostport -> Q
    java.util.BitSet userinfo -> R
org.apache.commons.httpclient.URI$LocaleToCharsetMap -> a.a.a.a.aj:
    java.util.Hashtable LOCALE_TO_CHARSET_MAP -> a
    java.lang.String getCharset(java.util.Locale) -> a
org.apache.commons.httpclient.URIException -> a.a.a.a.ak:
org.apache.commons.httpclient.UsernamePasswordCredentials -> a.a.a.a.al:
    java.lang.String toString() -> toString
    int hashCode() -> hashCode
    boolean equals(java.lang.Object) -> equals