proguard/usage.txt
com.app43.appclient.AppClient:
    public static final java.lang.String DOWNLOAD_REFERENCE_APP43
com.app43.appclient.R:
    10:10:public R()
com.app43.appclient.bean.ApkDownloadDb
com.app43.appclient.bean.ApkDownloadTask:
    61:61:public int getCacheType()
    73:74:public void setCacheType(int)
com.app43.appclient.bean.App:
    54:56:public App(android.os.Parcel)
com.app43.appclient.bean.AppDownTask
com.app43.appclient.bean.Category
com.app43.appclient.bean.CatetoriesImages
com.app43.appclient.bean.InstallApp:
    16:16:public int getVerCode()
com.app43.appclient.bean.RecommendTitle
com.app43.appclient.json.beam.CategoriesApps
com.app43.appclient.json.beam.NormalApps
com.app43.appclient.json.beam.SimilarApps
com.app43.appclient.module.abstracts.activity.BaseGridActivity:
    31:31:protected android.os.Handler initHandle()
com.app43.appclient.module.abstracts.activity.SendDataBaseActivity:
    protected abstract android.os.Handler initHandle()
com.app43.appclient.module.adapter.BaseGridViewAdapter$BaseGridViewHolder:
    public java.lang.String iconurl
    public java.lang.String downName
    public android.widget.Button imageButton
    public android.widget.CheckBox checkBox
    public android.widget.ProgressBar progressBar
    public android.widget.TextView version
com.app43.appclient.module.adapter.BaseOnClickListItemAdapter:
    146:151:public void onClickItemToList(java.lang.String,int,android.app.Activity,android.app.Activity)
com.app43.appclient.module.adapter.BaseOnClickListItemAdapter$ViewHolder:
    public java.lang.String downName
    public int groupPosition
com.app43.appclient.module.adapter.BaseOnClickListItemAdapter1
com.app43.appclient.module.adapter.BaseOnClickListItemAdapter1$ProgressData
com.app43.appclient.module.adapter.BaseOnClickListItemAdapter1$ViewHolder
com.app43.appclient.module.adapter.BigImageGallery:
    12:13:public BigImageGallery(android.content.Context)
com.app43.appclient.module.adapter.FocusAppListAdapter:
    int mGalleryItemBackground
    com.app43.appclient.module.receive.ProgressChangeReceive progressChangeReceive
com.app43.appclient.module.adapter.GalleryListAdapter:
    int mGalleryItemBackground
    com.app43.appclient.module.receive.ProgressChangeReceive progressChangeReceive
    116:174:private void setUpDataChange()
    38:38:static synthetic java.util.List access$0(com.app43.appclient.module.adapter.GalleryListAdapter)
    35:35:static synthetic android.app.Activity access$1(com.app43.appclient.module.adapter.GalleryListAdapter)
com.app43.appclient.module.adapter.GalleryListAdapter$2
com.app43.appclient.module.adapter.GuessAppListAdapter
com.app43.appclient.module.adapter.ProgressListViewAdapter:
    461:463:private void progressBarVisible(android.widget.ProgressBar,int)
    983:996:protected void syncImage(java.util.List,int,com.app43.appclient.module.adapter.BaseOnClickListItemAdapter$ViewHolder)
    1000:1009:protected java.util.Map delRepert(java.util.Map,java.util.Map)
    1016:1021:private void setServerList()
    1454:1455:protected void setVersion(android.widget.TextView,java.lang.String)
com.app43.appclient.module.adapter.ProgressListViewAdapter$12
com.app43.appclient.module.adapter.ProgressListViewAdapter$InstallReceiver:
    760:760:public void registerReceiver()
com.app43.appclient.module.common.activity.BigImageActivity:
    43:43:protected android.os.Handler initHandle()
com.app43.appclient.module.common.activity.ContentViewActivity:
    android.widget.Toast toast
com.app43.appclient.module.common.activity.ContentViewActivity1:
    android.widget.Toast toast
com.app43.appclient.module.common.activity.FocusContentViewActivity:
    android.widget.TextView nameTextView
    android.widget.TextView moreTextView
    389:401:public void shareWeibo(java.lang.String)
    412:415:public void showWeibo(java.lang.String)
    418:422:public void jsReturn(java.lang.String,java.lang.String)
    490:490:protected android.os.Handler initHandle()
...
com.app43.download.test.BroadProgressThread$2
com.app43.download.test.BroadProgressThread$ProgressData
com.app43.download.test.DownloadApkThread:
    private static final java.lang.String ACCEPT_ENCODING
    private static final int BUFFER
    275:278:public void addProgressListener(com.app43.download.test.DownloadApkThread$ProgressListener)
com.app43.download.test.DownloadApkThread$NotifyListerer
com.app43.download.test.DownloadApkThread$TaskListener
com.app43.download.test.NotifycationShow
com.app43.download.test.ShowNotifycation:
    static android.widget.TextView textView
    static android.widget.ProgressBar progressBar
com.feedback.UMFeedbackService:
    public UMFeedbackService()
com.feedback.b.d:
    public java.lang.String d
com.feedback.c.a:
    public a()
com.feedback.c.b:
    public b()
com.feedback.c.c:
    static final java.lang.String a
    private static final int b
    public c()
com.feedback.c.d:
    public d()
    public static synchronized boolean b(org.json.JSONObject)
com.feedback.ui.FeedbackConversations:
    private static final int c
    private static final int d
    private static final int e
    private static final int f
    private static final int g
com.feedback.ui.b:
    org.json.JSONArray d
    java.lang.String[] e
    public com.feedback.b.a a(int)
com.feedback.ui.h:
    java.lang.String c
com.mobclick.android.Gender
com.mobclick.android.MobclickAgent:
    private static final int e
    private static final int f
    private static final int g
    private static final int h
    private static final java.lang.String l
    private static final java.lang.String m
    private static final java.lang.String n
    private static final java.lang.String o
    private static final java.lang.String p
    private static final java.lang.String q
    private static final java.lang.String r
    private static final java.lang.String s
    private static final java.lang.String t
    private static final java.lang.String u
    private static final java.lang.String v
    private static final java.lang.String w
    private static final java.lang.String x
    private static final java.lang.String y
    private static final java.lang.String z
    private static final java.lang.String A
    private static final java.lang.String B
    private static final java.lang.String C
    private static final java.lang.String D
    private static final java.lang.String E
    private static final java.lang.String F
    private static final java.lang.String G
    private static final java.lang.String H
    private static final java.lang.String I
    private static final java.lang.String J
    private static final java.lang.String K
    private static final java.lang.String L
    private static final java.lang.String M
    private static final java.lang.String N
    private static final java.lang.String O
com.mobclick.android.ReportPolicy